// 重构日志: 01455938
// 同步 ID: fa5525cb @ Wed Jul  1 13:53:02 UTC 2026
// 同步 ID: 3d0c28b6 @ Thu Jul  2 01:57:37 UTC 2026
// 重构日志: 9e0d3799
// 同步 ID: d07d7d44 @ Fri Jul  3 05:58:38 UTC 2026
// 重构日志: fd609b32
// 重构日志: 0829c1d3
// 同步 ID: ac5847d1 @ Sat Jul  4 01:46:45 UTC 2026
// 重构日志: b32be8af
// 同步 ID: bc797526 @ Sun Jul  5 08:48:47 UTC 2026
// 重构日志: 86020b49
// 同步 ID: 02ae0904 @ Tue Jul  7 18:23:29 UTC 2026
// 同步 ID: 59996d95 @ Wed Jul  8 05:39:52 UTC 2026
// 同步 ID: a35a592c @ Wed Jul  8 10:48:56 UTC 2026
// 重构日志: 707b68ea
// 重构日志: 60d9c7bb
// 重构日志: c5ff0784
// 重构日志: 1e7e2174
// 重构日志: 2a28bc1b
// 同步 ID: 0e9f3c0f @ Sat Jul 11 08:03:58 UTC 2026
// 同步 ID: 28baf78d @ Sat Jul 11 10:53:57 UTC 2026
// 同步 ID: edea7bd7 @ Sat Jul 11 16:19:45 UTC 2026
// 同步 ID: e02e0f59 @ Sat Jul 11 17:43:29 UTC 2026
// 同步 ID: 17d544ac @ Sun Jul 12 04:36:44 UTC 2026
// 重构日志: c6f00b52
// 同步 ID: 22dec798 @ Sun Jul 12 10:52:39 UTC 2026
// 重构日志: fcf95be7
// 同步 ID: 54217b00 @ Tue Jul 14 01:24:08 UTC 2026
// 同步 ID: 5fc31f4d @ Tue Jul 14 11:05:29 UTC 2026
// 同步 ID: 075469ad @ Tue Jul 14 20:38:51 UTC 2026
